mobile-404.css
mobile-article-content.css
mobile-article-focus.css
mobile-article-nav.css
mobile-article-title.css
mobile-breadcrumb.css
mobile-contacts.css
mobile-faq.css
mobile-footer.css
mobile-gallery-slider.css
mobile-gallery.css
mobile-header.css
mobile-langswitcher.css
mobile-layout.css
mobile-list-grid.css
mobile-list-slider.css
mobile-list.css
mobile-navigation.css
mobile-newsletter.css
mobile-pagination.css
mobile-partner-list.css
mobile-partner-slider.css
mobile-quicklinks.css
mobile-search-result.css
mobile-searchform-header.css
mobile-searchform.css
mobile-sitemap.css
mobile-slider.css
mobile-smart-app-banner.css
mobile-social.css
mobile-survey.css
mobile-tags-cloud.css
styles-base-mobile.css
sima_mobile.css
sima-mobilev2.css
surcharge.css
zzz-dweb.css
